
             ################################################################
             ##                                                            ##
             ##  RheoKit: Plateau Check                                    ##
             ##  By Daniel Relix                                           ##
             ##                                                            ##
             ################################################################

Job started: 2025-10-24 16:40:58
Log file: 02_platchk.log

------------------------------------------------------------------------------------------
INPUT DATA
   
   File               : EtOH_hp.parquet
   Simulation Time    : 1499.999 ps
   Total Data Points  : 1499999
   
------------------------------------------------------------------------------------------
PLATEAU WINDOW SETTINGS
   
   Window fraction     : 0.1
   eps relative        : 0.05
   eps absolute        : No Threshold Set
   Min. pass streak    : 2
   
   ------------------------------------------------------------------------------------
   Plateau Window Evaluation
   ------------------------------------------------------------------------------------
   cutoff(ps) Window(ps)      #pts    eta_med       MAD   eps_rel   eps_abs pass streak
   ------------------------------------------------------------------------------------
          200       20.0     20000     1.0799    0.0017    0.0100    0.0108    Y    1/2
          300       30.0     30000     1.0981    0.0036    0.0119    0.0130    Y    2/2
          400       40.0     40000     1.1002    0.0033    0.0236    0.0259    Y    3/2
          500       50.0     50000     1.1081    0.0044    0.0197    0.0218    Y    4/2
          600       60.0     60000     1.1014    0.0015    0.0133    0.0146    Y    5/2
          700       70.0     70000     1.0737    0.0066    0.0291    0.0312    Y    6/2
          750       75.0     75000     1.0780    0.0058    0.0357    0.0385    Y    7/2
          800       80.0     80000     1.0608    0.0047    0.0262    0.0278    Y    8/2
          900       90.0     90000     1.0819    0.0085    0.0394    0.0426    Y    9/2
         1000      100.0    100000     1.0988    0.0198    0.0634    0.0697    N    0/2
   ------------------------------------------------------------------------------------
