
             ################################################################
             ##                                                            ##
             ##  RheoKit: Stress Fit                                       ##
             ##  By Daniel Relix                                           ##
             ##                                                            ##
             ################################################################

Job started: 2025-10-25 17:59:42
Log file: 03_stressfit.log

------------------------------------------------------------------------------------------
INPUT DATA
   
   File               : EtOH_hp.parquet
   Total Data Points  : 1499999
   
------------------------------------------------------------------------------------------
MASK INFORMATION
   
   Sigma Fit Range    : 0 - 750 ps 
   Index Range        : [0, 749999]
   
   Eta Fit Range      : 2 - 750 ps
   Index Range        : [1999, 749999]
   Points in Eta Fit  : 748001
   
------------------------------------------------------------------------------------------
FIT SUMMARY
   
Eta parameter initial guesses:
   A_eta              : 0.00771342
   alpha              : 0.5
   tau1               : 7.4800
   tau2               : 261.8000
   
Sigma fit results:
   A_sigma            : 0.003320
   b                  : 0.514947
   St. Dev. at cutoff : 0.100380
   Covariance Matrix  : [[ 0.000000000012 -0.000000000565]
                        [-0.000000000565  0.000000027759]]
   
Eta fit results:
   A_eta              : 0.332328
   alpha              : 0.9914500251834418
   tau1               : 2.568781 (RSE =         9.64%)
   tau2               : 88.512508 (RSE =        16.95%)
   Viscosity at cutoff: 1.097825
   sigma(t_cut)/eta(t_cut): 0.0914352
   Covariance Matrix  :
   [[   0.000760706996   -0.000000603446   -0.006674832611   -0.124368207311]
    [  -0.000000603446    0.000003111510    0.000085495467    0.024115329469]
    [  -0.006674832611    0.000085495467    0.061345826542    1.610788834324]
    [  -0.124368207311    0.024115329469    1.610788834324  225.210509515722]]
   
------------------------------------------------------------------------------------------
RESULTS
   
   Final Viscosity    : 1.0978777789345944
   
   sigma(t_cut)/eta(t_cut): 0.0914352
