
     ######################################################################
   ##########################################################################
  ###                                                                      ###
 ###            Tinker-HP  ---  Software Tools for Molecular Design         ###
 ##                                                                          ##
 ##                       Version 1.2(GPU) Octobre 2020                      ##
 ##                                                                          ##
 ##     Copyright (c) Washington University in Saint Louis (WU)              ##
 ##                   The University of Texas at Austin                      ##
 ##                   Sorbonne Universites, UPMC (Sorbonne)                  ##
 ##                              1990-2020                                   ##
 ###                       All Rights Reserved                              ###
  ###                                                                      ###
   ##########################################################################
     ######################################################################

License Number : LICENSENUMBER

Cite this work as :

   Tinker-HP: a Massively Parallel Molecular Dynamics Package for Multiscale
   Simulations of Large Complex Systems with Advanced Polarizable Force Fields.

   Louis Lagardeère, Luc-Henri Jolly, Filippo Lipparini, Felix Aviat,
   Benjamin Stamm, Zhifeng F. Jing, Matthew Harger, Hedieh Torabifard,
   G. Andreès Cisneros, Michael J. Schnieders, Nohad Gresh, Yvon Maday,
   Pengyu Y. Ren, Jay W. Ponder and Jean-Philip Piquemal,

   Chem. Sci., 2018, 9, 956-972,  doi: 10.1039/c7sc04531j

  
 ***** Using the CUFFT engine *****
  

 Particle Mesh Ewald Parameters :

     Type                Ewald Alpha    Grid Dimensions    Spline Order

   Electrostatics           0.3767        60   60   60           5
   Polarization             0.3767        60   60   60           5

 Random Number Generator Initialized with SEED :      326105137
 SAVE-STRESS: The units of the stress tensor components are Atmospheres

 --- Tinker-HP: loading restart file for EtOH_rep02 system --- 

 Molecular Dynamics Trajectory via Velocity Verlet Algorithm
     MD Step     E total   E Potential     E Kinetic       Temp       Pres     Stress(xx)     Stress(yy)     Stress(zz)     Stress(xy)     Stress(yz)     Stress(xz)
         1     4052.2025    -3911.2297     7963.4322     296.87     -65.05      -505.6220      -377.1029       687.5805      -271.1346         9.4270        49.8107
         2     4047.1898    -3968.8755     8016.0652     298.84    -141.67       -85.8715      -595.8872       256.7504      -161.0730       337.0726       280.8896
         3     4043.7029    -4012.5023     8056.2053     300.33    -257.10       159.3216      -777.0220      -153.5985      -102.2136       467.6862       362.6684
         4     4045.1988    -3993.1576     8038.3564     299.67    -319.47       241.5343      -834.2966      -365.6566       -84.6812       354.1359       260.8619
         5     4050.1036    -3937.8502     7987.9538     297.79    -335.75       205.0718      -809.6037      -402.7269       -77.7163        92.4782        65.1255
         6     4052.5818    -3919.1181     7971.6999     297.18    -382.49         4.6471      -761.3861      -390.7450       -25.9015      -146.2206      -111.3963
         7     4050.0456    -3973.5182     8023.5638     299.12    -481.59      -372.2023      -651.8894      -420.6683        81.1584      -267.6327      -178.5777
         8     4042.8945    -4059.1497     8102.0442     302.04    -532.43      -696.7613      -416.0489      -484.4659       201.0275      -263.9920      -120.2992
         9     4041.1480    -4081.8843     8123.0323     302.82    -404.82      -607.8090       -59.1756      -547.4837       291.7312      -128.4865       -20.9425
        10     4045.5550    -4022.5759     8068.1309     300.78    -119.99       -21.9527       307.5348      -645.5497       335.0293       134.6070        54.0127
        11     4049.7562    -3949.8289     7999.5851     298.22     146.82       752.4807       523.8118      -835.8331       337.4492       453.7290       110.1214
        12     4049.6866    -3929.1247     7978.8113     297.45     236.59      1332.5935       467.4577     -1090.2701       293.3086       690.0474       142.4885
        13     4044.6782    -3955.7809     8000.4590     298.25     164.56      1560.3910       202.6642     -1269.3645       204.5913       720.7261       131.2438
        14     4042.1720    -3958.3212     8000.4932     298.26      92.11      1463.6197       -31.8018     -1155.4928       192.3330       548.5039       119.1493
        15     4045.3507    -3899.6772     7945.0278     296.19     133.70      1165.4878       -87.9294      -676.4610       388.6795       263.8390       190.1481
        16     4050.4157    -3822.6488     7873.0645     293.51     250.47       829.6226       -53.4234       -24.7886       706.4472       -31.6067       336.6816
        17     4054.7289    -3800.5703     7855.2992     292.84     311.64       511.0670       -90.7619       514.6068       913.0885      -255.8422       428.4426
        18     4050.1795    -3880.3935     7930.5729     295.65     241.43       189.8190      -233.8812       768.3546       887.2529      -377.6179       378.2319
        19     4041.4906    -3985.6682     8027.1589     299.25     155.19       -19.7296      -328.3510       813.6656       666.9537      -432.3185       239.7599
        20     4042.8803    -3994.6640     8037.5443     299.64     214.94        -1.0067      -222.5170       868.3565       324.1515      -454.6214        75.7278
        21     4050.4013    -3927.6962     7978.0975     297.42     368.02       173.4369       -36.3517       966.9793       -60.3904      -425.9397       -96.5057
        22     4053.3776    -3895.5568     7948.9344     296.33     413.70       281.6319        -4.6906       964.1499      -331.3405      -350.7838      -235.7999
        23     4049.1992    -3943.7082     7992.9074     297.97     262.08       115.8060      -124.5033       794.9406      -354.5447      -295.2841      -283.7119
        24     4043.0087    -4010.5436     8053.5524     300.23      33.66      -297.7826      -137.0691       535.8235      -150.0207      -332.6818      -200.7356
        25     4042.7443    -4008.8926     8051.6369     300.16     -91.32      -735.8166       134.0173       327.8380       172.5456      -494.8283        -4.6846
        26     4048.1349    -3937.4735     7985.6083     297.70     -72.45     -1012.2126       558.7274       236.1483       497.8094      -750.1605       208.9558
        27     4052.3438    -3872.8068     7925.1506     295.45     -20.13     -1095.1223       868.1670       166.5589       681.3642      -991.4024       325.0338
        28     4053.1673    -3875.6623     7928.8296     295.58     -49.59     -1111.6804       960.2661         2.6385       612.3018     -1120.7060       292.4342
        29     4047.4378    -3945.5937     7993.0315     297.98    -162.77     -1132.5981       887.5962      -243.2936       340.8085     -1093.7169       156.3324
        30     4043.1423    -3998.9323     8042.0746     299.81    -237.02      -989.5313       757.7399      -479.2586        28.0436      -895.0750        11.5977
        31     4045.7260    -3977.0280     8022.7541     299.09    -190.60      -591.3043       670.3013      -650.8056      -166.1506      -540.2609       -93.2817
        32     4050.5521    -3919.5595     7970.1116     297.12     -91.86      -135.9542       643.1801      -782.8203      -156.3092       -86.0832      -168.9612
        33     4052.8003    -3901.5233     7954.3236     296.53     -65.27       125.4814       623.1051      -944.4010        -3.5649       337.8343      -217.0636
        34     4048.5211    -3952.8362     8001.3573     298.29    -137.28       139.8181       588.8566     -1140.5071       140.1766       564.2056      -237.4123
        35     4043.5136    -4012.9922     8056.5058     300.34    -185.70        68.9748       624.8908     -1250.9756       198.7702       515.7101      -224.2644
        36     4044.1979    -4012.3899     8056.5879     300.35     -95.11        40.6152       785.1879     -1111.1218       196.9609       274.4866      -118.4239
        37     4048.4428    -3962.2894     8010.7321     298.64      94.04        47.5028       925.6116      -690.9821       130.0688         2.4914        97.1856
        38     4051.2130    -3925.2788     7976.4917     297.36     231.90        59.1107       807.1225      -170.5402       -45.8721      -182.6592       261.5353
        39     4050.9382    -3944.7721     7995.7103     298.08     207.48        21.2869       367.0226       234.1178      -282.0955      -265.8499       193.5812
        40     4044.0554    -4007.9848     8052.0402     300.18      60.07       -75.3881      -242.8889       498.4978      -417.1617      -231.0603       -48.7097
        41     4040.9731    -4021.3674     8062.3405     300.56     -27.94       -62.6482      -774.0841       752.9072      -370.1596       -43.7236      -237.8289
        42     4046.4792    -3947.1431     7993.6222     298.00      44.25       162.5235     -1062.1528      1032.3869      -237.2007       234.4536      -243.0636
        43     4052.1354    -3866.0327     7918.1680     295.19     180.53       486.6993     -1146.8274      1201.7110      -117.1521       463.5305      -108.0171
        44     4052.0397    -3860.9864     7913.0260     294.99     243.75       756.2366     -1165.6320      1140.6444        -4.7182       501.6091        90.9376
        45     4046.5297    -3923.8166     7970.3463     297.13     224.13       874.5052     -1107.9594       905.8421        64.5795       267.6422       344.4779
        46     4043.2124    -3970.2899     8013.5023     298.74     223.46       806.5204      -855.6366       719.5061        59.2024      -209.4733       620.9427
        47     4046.8695    -3951.7992     7998.6686     298.19     283.52       588.4086      -471.0025       733.1526        62.7800      -794.5296       791.7671
        48     4050.5690    -3916.1971     7966.7661     297.00     310.53       256.0729      -191.1467       866.6717       116.8230     -1319.7564       722.9171
        49     4050.2066    -3914.4308     7964.6375     296.92     215.02      -182.4302      -160.5751       988.0776       162.5562     -1657.7050       404.4568
        50     4049.9127    -3945.3855     7995.2983     298.06      16.77      -685.4226      -299.3101      1035.0286       180.0948     -1761.8246        16.8965
        51     4045.1237    -3993.5280     8038.6517     299.68    -184.07     -1099.2699      -419.4030       966.4770       189.6424     -1636.8262      -179.8817
        52     4043.6845    -3995.0545     8038.7390     299.68    -243.98     -1130.4705      -351.2534       749.7729       194.9881     -1319.5422       -77.8872
        53     4048.4506    -3933.5647     7982.0153     297.57    -135.51      -689.6910       -63.4637       346.6131       201.9795      -886.5642       210.2209
        54     4052.5119    -3877.7771     7930.2891     295.64       0.57       -93.0693       331.9253      -237.1411       220.7640      -468.0626       507.8417
        55     4051.2397    -3884.9061     7936.1457     295.86      23.94       265.4212       681.4246      -875.0152       243.3397      -243.1945       690.9158
        56     4046.5420    -3933.6956     7980.2376     297.50     -56.60       252.1093       955.8945     -1377.7901       226.9969      -322.0107       707.7059
        57     4044.1737    -3952.4603     7996.6340     298.11    -123.90       -26.2095      1194.5884     -1540.0896       199.0047      -594.4994       620.5186
        58     4049.6736    -3910.8433     7960.5170     296.77    -120.32      -400.5834      1298.6310     -1259.0118       264.1080      -805.9016       540.2002
        59     4052.6978    -3877.6812     7930.3790     295.64    -122.10      -743.2760      1100.9310      -723.9655       396.2912      -797.2397       488.5775
        60     4051.5884    -3896.2763     7947.8647     296.29    -185.45      -919.3728       609.9715      -246.9352       473.6886      -594.8556       425.1655
        61     4049.7304    -3949.7460     7999.4764     298.22    -266.56      -848.3896        12.8673        35.8469       496.7387      -272.0910       358.2105
        62     4045.1903    -4001.1160     8046.3063     299.96    -272.28      -544.4621      -453.8555       181.4783       502.1961       145.7919       352.0934
        63     4046.3599    -3992.8195     8039.1793     299.70    -131.41       -39.1989      -645.5273       290.5067       442.2721       587.5351       413.0524
        64     4051.6447    -3946.1967     7997.8414     298.16      81.20       514.7718      -645.1216       373.9349       262.7495       907.1045       418.0263
        65     4052.4882    -3939.6921     7992.1802     297.95     200.52       849.0666      -653.1917       405.6953         9.5580      1004.8737       287.1723
        66     4048.3701    -3989.2482     8037.6183     299.64     168.34       837.7142      -811.6818       478.9851      -184.3122       881.4720       177.5529
        67     4043.8515    -4036.0977     8079.9492     301.22      81.89       593.8401     -1046.7092       698.5367      -223.8668       597.3598       313.9179
        68     4045.7391    -4021.4455     8067.1846     300.74      58.06       287.4874     -1136.0517      1022.7353      -114.8524       239.5201       737.4321
        69     4050.5096    -3976.2845     8026.7941     299.24      87.30       -10.5236     -1021.0005      1293.4322        74.5098      -108.1319      1254.3222
        70     4049.1827    -3966.7279     8015.9107     298.83      94.84      -277.1433      -837.0367      1398.7121       218.0440      -417.0812      1561.1255
        71     4048.0270    -3982.1123     8030.1393     299.36      71.32      -451.2254      -696.4219      1361.6047       232.8749      -698.7432      1486.4154
        72     4048.0860    -4005.3385     8053.4245     300.23      26.83      -466.4949      -654.4324      1201.4085       161.8599      -912.8609      1107.2234
        73     4043.7450    -4028.9096     8072.6545     300.95     -21.89      -264.2605      -694.8845       893.4837        73.9307      -981.0791       636.4810
        74     4044.7638    -4003.7554     8048.5192     300.05     -16.96       168.0062      -724.2190       505.3259        30.7773      -887.4439       261.2970
        75     4048.9888    -3947.3333     7996.3221     298.10      26.34       627.4843      -715.2268       166.7516       108.6687      -707.3680        94.4677
        76     4049.5534    -3920.9432     7970.4966     297.14      34.83       814.0132      -641.2595       -68.2649       312.5070      -568.1178       179.6213
        77     4047.5667    -3936.7416     7984.3082     297.65       4.26       645.5798      -386.3161      -246.4838       539.1841      -587.6480       468.5911
        78     4043.9280    -3962.3961     8006.3240     298.47       7.01       306.2465       119.7511      -404.9579       704.2535      -778.0558       826.3752
        79     4044.2257    -3947.0722     7991.2979     297.91     111.57        52.0040       751.3599      -468.6431       787.0830     -1013.2894      1092.9159
        80     4049.4744    -3897.0947     7946.5690     296.25     272.99       -17.3084      1213.1316      -376.8460       742.6259     -1146.6681      1112.2063
        81     4051.1521    -3881.7843     7932.9364     295.74     346.88        32.1926      1231.1405      -222.6991       525.0589     -1145.3781       782.2471
        82     4049.3534    -3924.5936     7973.9469     297.27     259.09       129.5924       788.8888      -141.2221       264.4401     -1020.7977       157.4992
        83     4046.2842    -3994.1717     8040.4559     299.75      68.92       233.1983       139.7829      -166.2298       209.1397      -732.5674      -459.1126
        84     4042.9536    -4040.0136     8082.9671     301.33     -98.70       315.5286      -363.9985      -247.6207       430.9728      -255.6367      -697.5112
        85     4045.3953    -4023.8254     8069.2207     300.82    -147.29       381.8994      -452.7320      -371.0267       747.1613       328.9157      -475.7248
        86     4049.3744    -3987.9344     8037.3088     299.63    -106.37       350.6345      -112.0327      -557.7064       960.2018       837.8022       -14.4086
        87     4047.1105    -3992.1628     8039.2734     299.70     -57.64       169.3961       395.9041      -738.2289       993.8498      1057.8655       441.2054
        88     4043.8942    -4013.4553     8057.3495     300.38       4.41        -5.9832       760.1374      -740.9259       845.9055       905.4437       778.5320
        89     4044.3496    -4010.3666     8054.7162     300.28     102.29       -23.1330       831.6108      -501.5965       556.5796       501.7714       928.0168
        90     4045.4571    -3991.0581     8036.5152     299.60     184.18        84.4381       599.9894      -131.9003       194.4513        31.9424       808.9721
        91     4045.1364    -3973.6781     8018.8145     298.94     194.67       188.6262       130.0087       265.3843      -126.2184      -375.0151       423.6021
        92     4047.0142    -3960.5932     8007.6074     298.52     117.62       154.5605      -453.4501       651.7515      -246.7633      -639.1697       -48.4983
        93     4047.3558    -3975.4590     8022.8147     299.09     -48.53       -90.3415      -947.0748       891.8137      -100.2399      -710.5493      -364.5142
        94     4044.1383    -4019.0831     8063.2214     300.59    -243.82      -486.0934     -1075.4049       830.0395       179.4426      -594.3362      -374.5700
        95     4042.9717    -4052.5340     8095.5057     301.80    -365.58      -842.9131      -731.4622       477.6418       395.4681      -360.1710       -98.7908
        96     4041.9621    -4059.2376     8101.1997     302.01    -359.52      -950.5089      -115.5638       -12.5006       461.4296      -153.6078       310.6401
        97     4043.3106    -4036.1173     8079.4279     301.20    -239.57      -800.4118       456.8579      -375.1628       408.2750      -130.1074       676.5694
        98     4045.3215    -4013.1364     8058.4580     300.42     -95.60      -573.0094       752.9072      -466.6896       273.9257      -363.5538       889.1726
        99     4042.1580    -4021.0147     8063.1727     300.59      -0.90      -364.6825       746.5334      -384.5511        74.3128      -783.4793       931.2044
       100     4040.4992    -4025.6796     8066.1788     300.70      78.00      -176.7908       595.9420      -185.1488      -101.5478     -1200.8935       841.9162
